<?xml version="1.0" encoding="UTF-8"?>
<!-- Generated by org.testng.reporters.JUnitXMLReporter -->
<testsuite ignored="0" hostname="LAPTOP-DQ7KB8NS" failures="0" tests="4" name="Test" time="22.551" errors="0" timestamp="2024-06-10T15:22:36 IST">
  <testcase classname="TestNgImquestion.Test2" name="LangloageChange" time="3.032"/>
  <testcase classname="TestNgImquestion.Test1" name="Signin" time="2.06"/>
  <testcase classname="TestNgImquestion.Test3" name="SeachBar" time="2.065"/>
  <testcase classname="TestNgImquestion.Test3" name="submanu" time="0.0"/>
</testsuite> <!-- Test -->
