<?xml version="1.0" encoding="UTF-8"?>
<testng-results ignored="0" total="1" passed="1" failed="0" skipped="0">
  <reporter-output>
  </reporter-output>
  <suite started-at="2024-06-12T17:30:49 IST" name="Default suite" finished-at="2024-06-12T17:31:00 IST" duration-ms="10229">
    <groups>
    </groups>
    <test started-at="2024-06-12T17:30:49 IST" name="Default test" finished-at="2024-06-12T17:31:00 IST" duration-ms="10229">
      <class name="TestNgImquestion.Test1">
        <test-method is-config="true" signature="BrowserLounch()[pri:0, instance:TestNgImquestion.Test1@2df3b89c]" started-at="2024-06-12T17:30:49 IST" name="BrowserLounch" finished-at="2024-06-12T17:30:57 IST" duration-ms="7637" status="PASS">
          <reporter-output>
          </reporter-output>
        </test-method> <!-- BrowserLounch -->
        <test-method signature="Signin()[pri:2, instance:TestNgImquestion.Test1@2df3b89c]" started-at="2024-06-12T17:30:57 IST" name="Signin" finished-at="2024-06-12T17:30:59 IST" duration-ms="2283" status="PASS">
          <reporter-output>
          </reporter-output>
        </test-method> <!-- Signin -->
        <test-method is-config="true" signature="CloseBwoser()[pri:0, instance:TestNgImquestion.Test1@2df3b89c]" started-at="2024-06-12T17:30:59 IST" name="CloseBwoser" finished-at="2024-06-12T17:31:00 IST" duration-ms="255" status="PASS">
          <reporter-output>
          </reporter-output>
        </test-method> <!-- CloseBwoser -->
      </class> <!-- TestNgImquestion.Test1 -->
    </test> <!-- Default test -->
  </suite> <!-- Default suite -->
</testng-results>
